<?xml version="1.0" encoding="UTF-8"?>
<!-- Generated by org.testng.reporters.JUnitXMLReporter -->
<testsuite hostname="LAPTOP-2UIO7L6A" name="Command line test" tests="5" failures="0" timestamp="11 Jun 2025 16:53:24 GMT" time="1.04" errors="0">
  <testcase name="processCorrectTest" time="0.797" classname="com.turn.ttorrent.tracker.MultiAnnounceRequestProcessorTest"/>
  <testcase name="testPutIfAbsentAndUpdate" time="0.0" classname="com.turn.ttorrent.tracker.TorrentsRepositoryTest"/>
  <testcase name="testThatCleanupDontLockAllTorrentsAndStorage" time="0.016" classname="com.turn.ttorrent.tracker.TorrentsRepositoryTest"/>
  <testcase name="testThatTorrentsCanRemovedFromStorage" time="0.002" classname="com.turn.ttorrent.tracker.TorrentsRepositoryTest"/>
  <testcase name="testThatTorrentsStoredInRepository" time="0.001" classname="com.turn.ttorrent.tracker.TorrentsRepositoryTest"/>
</testsuite> <!-- Command line test -->
