<?xml version="1.0" encoding="UTF-8" ?>
<testsuite tests="14" failures="0" name="TestSuite" time="11.807" errors="0" skipped="0">
  <properties>
[...]
</properties>
  <testcase classname="com.turn.ttorrent.client.EventDispatcherTest" name="testInvocation" time="0.045"/>
  <testcase classname="com.turn.ttorrent.client.EventDispatcherTest" name="testWithoutListeners" time="0"/>
  <testcase classname="com.turn.ttorrent.client.storage.FairPieceStorageFactoryTest" name="testCreatingStorageForLargeFile" time="11.451"/>
  <testcase classname="com.turn.ttorrent.client.storage.FileCollectionStorageTest" name="testSelect" time="0.029"/>
  <testcase classname="com.turn.ttorrent.client.network.HandshakeReceiverTest" name="testReceiveHandshake" time="0.18"/>
  <testcase classname="com.turn.ttorrent.client.PeersStorageTest" name="getAndRemoveSharingPeersTest" time="0.102"/>
  <testcase classname="com.turn.ttorrent.client.PeersStorageTest" name="getSetSelfTest" time="0"/>
  <testcase classname="com.turn.ttorrent.client.PeersStorageTest" name="testThatPeersStorageReturnNewCollection" time="0"/>
  <testcase classname="com.turn.ttorrent.client.storage.PieceStorageImplTest" name="testFullStorage" time="0"/>
  <testcase classname="com.turn.ttorrent.client.storage.PieceStorageImplTest" name="testReadUnavailablePiece" time="0"/>
  <testcase classname="com.turn.ttorrent.client.storage.PieceStorageImplTest" name="testStorage" time="0"/>
  <testcase classname="com.turn.ttorrent.client.strategy.RequestStrategyImplAnyInterestingTest" name="choosePieceNoInterestingTest" time="0"/>
  <testcase classname="com.turn.ttorrent.client.strategy.RequestStrategyImplAnyInterestingTest" name="choosePieceOneInterestingTest" time="0"/>
  <testcase classname="com.turn.ttorrent.client.strategy.RequestStrategyImplAnyInterestingTest" name="choosePieceTest" time="0"/>
</testsuite>