<?xml version="1.0" encoding="UTF-8"?>
<testng-results skipped="0" failed="0" total="14" passed="14">
  <reporter-output>
  </reporter-output>
  <suite name="Command line suite" duration-ms="12506" started-at="2025-06-11T16:53:29Z" finished-at="2025-06-11T16:53:41Z">
    <groups>
    </groups>
    <test name="Command line test" duration-ms="12506" started-at="2025-06-11T16:53:29Z" finished-at="2025-06-11T16:53:41Z">
      <class name="com.turn.ttorrent.client.storage.FairPieceStorageFactoryTest">
        <test-method status="PASS" signature="testCreatingStorageForLargeFile()[pri:0, instance:com.turn.ttorrent.client.storage.FairPieceStorageFactoryTest@4439f31e]" name="testCreatingStorageForLargeFile" duration-ms="11451" started-at="2025-06-12T00:53:29Z" finished-at="2025-06-12T00:53:41Z">
          <reporter-output>
          </reporter-output>
        </test-method> <!-- testCreatingStorageForLargeFile -->
      </class> <!-- com.turn.ttorrent.client.storage.FairPieceStorageFactoryTest -->
      <class name="com.turn.ttorrent.client.network.HandshakeReceiverTest">
        <test-method status="PASS" signature="setUp()[pri:0, instance:com.turn.ttorrent.client.network.HandshakeReceiverTest@56f4468b]" name="setUp" is-config="true" duration-ms="206" started-at="2025-06-12T00:53:41Z" finished-at="2025-06-12T00:53:41Z">
          <reporter-output>
          </reporter-output>
        </test-method> <!-- setUp -->
        <test-method status="PASS" signature="testReceiveHandshake()[pri:0, instance:com.turn.ttorrent.client.network.HandshakeReceiverTest@56f4468b]" name="testReceiveHandshake" duration-ms="179" started-at="2025-06-12T00:53:41Z" finished-at="2025-06-12T00:53:41Z">
          <reporter-output>
          </reporter-output>
        </test-method> <!-- testReceiveHandshake -->
        <test-method status="PASS" signature="tearDown()[pri:0, instance:com.turn.ttorrent.client.network.HandshakeReceiverTest@56f4468b]" name="tearDown" is-config="true" duration-ms="9" started-at="2025-06-12T00:53:41Z" finished-at="2025-06-12T00:53:41Z">
          <reporter-output>
          </reporter-output>
        </test-method> <!-- tearDown -->
      </class> <!-- com.turn.ttorrent.client.network.HandshakeReceiverTest -->
      <class name="com.turn.ttorrent.client.EventDispatcherTest">
        <test-method status="PASS" signature="setUp()[pri:0, instance:com.turn.ttorrent.client.EventDispatcherTest@5dfcfece]" name="setUp" is-config="true" duration-ms="345" started-at="2025-06-12T00:53:29Z" finished-at="2025-06-12T00:53:29Z">
          <reporter-output>
          </reporter-output>
        </test-method> <!-- setUp -->
        <test-method status="PASS" signature="testInvocation()[pri:0, instance:com.turn.ttorrent.client.EventDispatcherTest@5dfcfece]" name="testInvocation" duration-ms="46" started-at="2025-06-12T00:53:29Z" finished-at="2025-06-12T00:53:29Z">
          <reporter-output>
          </reporter-output>
        </test-method> <!-- testInvocation -->
        <test-method status="PASS" signature="setUp()[pri:0, instance:com.turn.ttorrent.client.EventDispatcherTest@5dfcfece]" name="setUp" is-config="true" duration-ms="0" started-at="2025-06-12T00:53:29Z" finished-at="2025-06-12T00:53:29Z">
          <reporter-output>
          </reporter-output>
        </test-method> <!-- setUp -->
        <test-method status="PASS" signature="testWithoutListeners()[pri:0, instance:com.turn.ttorrent.client.EventDispatcherTest@5dfcfece]" name="testWithoutListeners" duration-ms="0" started-at="2025-06-12T00:53:29Z" finished-at="2025-06-12T00:53:29Z">
          <reporter-output>
          </reporter-output>
        </test-method> <!-- testWithoutListeners -->
      </class> <!-- com.turn.ttorrent.client.EventDispatcherTest -->
      <class name="com.turn.ttorrent.client.strategy.RequestStrategyImplAnyInterestingTest">
        <test-method status="PASS" signature="init()[pri:0, instance:com.turn.ttorrent.client.strategy.RequestStrategyImplAnyInterestingTest@100fc185]" name="init" is-config="true" duration-ms="0" started-at="2025-06-12T00:53:41Z" finished-at="2025-06-12T00:53:41Z">
          <reporter-output>
          </reporter-output>
        </test-method> <!-- init -->
        <test-method status="PASS" signature="choosePieceNoInterestingTest()[pri:0, instance:com.turn.ttorrent.client.strategy.RequestStrategyImplAnyInterestingTest@100fc185]" name="choosePieceNoInterestingTest" duration-ms="1" started-at="2025-06-12T00:53:41Z" finished-at="2025-06-12T00:53:41Z">
          <reporter-output>
          </reporter-output>
        </test-method> <!-- choosePieceNoInterestingTest -->
        <test-method status="PASS" signature="choosePieceOneInterestingTest()[pri:0, instance:com.turn.ttorrent.client.strategy.RequestStrategyImplAnyInterestingTest@100fc185]" name="choosePieceOneInterestingTest" duration-ms="0" started-at="2025-06-12T00:53:41Z" finished-at="2025-06-12T00:53:41Z">
          <reporter-output>
          </reporter-output>
        </test-method> <!-- choosePieceOneInterestingTest -->
        <test-method status="PASS" signature="choosePieceTest()[pri:0, instance:com.turn.ttorrent.client.strategy.RequestStrategyImplAnyInterestingTest@100fc185]" name="choosePieceTest" duration-ms="0" started-at="2025-06-12T00:53:41Z" finished-at="2025-06-12T00:53:41Z">
          <reporter-output>
          </reporter-output>
        </test-method> <!-- choosePieceTest -->
      </class> <!-- com.turn.ttorrent.client.strategy.RequestStrategyImplAnyInterestingTest -->
      <class name="com.turn.ttorrent.client.PeersStorageTest">
        <test-method status="PASS" signature="setUp()[pri:0, instance:com.turn.ttorrent.client.PeersStorageTest@3c756e4d]" name="setUp" is-config="true" duration-ms="0" started-at="2025-06-12T00:53:41Z" finished-at="2025-06-12T00:53:41Z">
          <reporter-output>
          </reporter-output>
        </test-method> <!-- setUp -->
        <test-method status="PASS" signature="getAndRemoveSharingPeersTest()[pri:0, instance:com.turn.ttorrent.client.PeersStorageTest@3c756e4d]" name="getAndRemoveSharingPeersTest" duration-ms="102" started-at="2025-06-12T00:53:41Z" finished-at="2025-06-12T00:53:41Z">
          <reporter-output>
          </reporter-output>
        </test-method> <!-- getAndRemoveSharingPeersTest -->
        <test-method status="PASS" signature="testThatPeersStorageReturnNewCollection()[pri:0, instance:com.turn.ttorrent.client.PeersStorageTest@3c756e4d]" name="testThatPeersStorageReturnNewCollection" duration-ms="0" started-at="2025-06-12T00:53:41Z" finished-at="2025-06-12T00:53:41Z">
          <reporter-output>
          </reporter-output>
        </test-method> <!-- testThatPeersStorageReturnNewCollection -->
        <test-method status="PASS" signature="getSetSelfTest()[pri:0, instance:com.turn.ttorrent.client.PeersStorageTest@3c756e4d]" name="getSetSelfTest" duration-ms="0" started-at="2025-06-12T00:53:41Z" finished-at="2025-06-12T00:53:41Z">
          <reporter-output>
          </reporter-output>
        </test-method> <!-- getSetSelfTest -->
        <test-method status="PASS" signature="setUp()[pri:0, instance:com.turn.ttorrent.client.PeersStorageTest@3c756e4d]" name="setUp" is-config="true" duration-ms="0" started-at="2025-06-12T00:53:41Z" finished-at="2025-06-12T00:53:41Z">
          <reporter-output>
          </reporter-output>
        </test-method> <!-- setUp -->
        <test-method status="PASS" signature="setUp()[pri:0, instance:com.turn.ttorrent.client.PeersStorageTest@3c756e4d]" name="setUp" is-config="true" duration-ms="0" started-at="2025-06-12T00:53:41Z" finished-at="2025-06-12T00:53:41Z">
          <reporter-output>
          </reporter-output>
        </test-method> <!-- setUp -->
      </class> <!-- com.turn.ttorrent.client.PeersStorageTest -->
      <class name="com.turn.ttorrent.client.storage.FileCollectionStorageTest">
        <test-method status="PASS" signature="setUp()[pri:0, instance:com.turn.ttorrent.client.storage.FileCollectionStorageTest@643b1d11]" name="setUp" is-config="true" duration-ms="5" started-at="2025-06-12T00:53:41Z" finished-at="2025-06-12T00:53:41Z">
          <reporter-output>
          </reporter-output>
        </test-method> <!-- setUp -->
        <test-method status="PASS" signature="testSelect()[pri:0, instance:com.turn.ttorrent.client.storage.FileCollectionStorageTest@643b1d11]" name="testSelect" duration-ms="29" started-at="2025-06-12T00:53:41Z" finished-at="2025-06-12T00:53:41Z">
          <reporter-output>
          </reporter-output>
        </test-method> <!-- testSelect -->
        <test-method status="PASS" signature="tearDown()[pri:0, instance:com.turn.ttorrent.client.storage.FileCollectionStorageTest@643b1d11]" name="tearDown" is-config="true" duration-ms="109" started-at="2025-06-12T00:53:41Z" finished-at="2025-06-12T00:53:41Z">
          <reporter-output>
          </reporter-output>
        </test-method> <!-- tearDown -->
      </class> <!-- com.turn.ttorrent.client.storage.FileCollectionStorageTest -->
      <class name="com.turn.ttorrent.client.storage.PieceStorageImplTest">
        <test-method status="PASS" signature="setUp()[pri:0, instance:com.turn.ttorrent.client.storage.PieceStorageImplTest@5d5eef3d]" name="setUp" is-config="true" duration-ms="9" started-at="2025-06-12T00:53:41Z" finished-at="2025-06-12T00:53:41Z">
          <reporter-output>
          </reporter-output>
        </test-method> <!-- setUp -->
        <test-method status="PASS" signature="testFullStorage()[pri:0, instance:com.turn.ttorrent.client.storage.PieceStorageImplTest@5d5eef3d]" name="testFullStorage" duration-ms="0" started-at="2025-06-12T00:53:41Z" finished-at="2025-06-12T00:53:41Z">
          <reporter-output>
          </reporter-output>
        </test-method> <!-- testFullStorage -->
        <test-method status="PASS" signature="tearDown()[pri:0, instance:com.turn.ttorrent.client.storage.PieceStorageImplTest@5d5eef3d]" name="tearDown" is-config="true" duration-ms="0" started-at="2025-06-12T00:53:41Z" finished-at="2025-06-12T00:53:41Z">
          <reporter-output>
          </reporter-output>
        </test-method> <!-- tearDown -->
        <test-method status="PASS" signature="setUp()[pri:0, instance:com.turn.ttorrent.client.storage.PieceStorageImplTest@5d5eef3d]" name="setUp" is-config="true" duration-ms="0" started-at="2025-06-12T00:53:41Z" finished-at="2025-06-12T00:53:41Z">
          <reporter-output>
          </reporter-output>
        </test-method> <!-- setUp -->
        <test-method status="PASS" signature="testReadUnavailablePiece()[pri:0, instance:com.turn.ttorrent.client.storage.PieceStorageImplTest@5d5eef3d]" name="testReadUnavailablePiece" duration-ms="0" started-at="2025-06-12T00:53:41Z" finished-at="2025-06-12T00:53:41Z">
          <exception class="java.lang.IllegalArgumentException">
            <message>
              <![CDATA[Incorrect piece index 45. Piece index must be positive less than8]]>
            </message>
            <full-stacktrace>
              <![CDATA[java.lang.IllegalArgumentException: Incorrect piece index 45. Piece index must be positive less than8
	at com.turn.ttorrent.client.storage.PieceStorageImpl.checkPieceIndex(PieceStorageImpl.java:43)
	at com.turn.ttorrent.client.storage.PieceStorageImpl.readPiecePart(PieceStorageImpl.java:92)
	at com.turn.ttorrent.client.storage.PieceStorageImplTest.testReadUnavailablePiece(PieceStorageImplTest.java:77)
	at sun.reflect.NativeMethodAccessorImpl.invoke0(Native Method)
	at sun.reflect.NativeMethodAccessorImpl.invoke(NativeMethodAccessorImpl.java:62)
	at sun.reflect.DelegatingMethodAccessorImpl.invoke(DelegatingMethodAccessorImpl.java:43)
	at java.lang.reflect.Method.invoke(Method.java:498)
	at org.testng.internal.MethodInvocationHelper.invokeMethod(MethodInvocationHelper.java:84)
	at org.testng.internal.Invoker.invokeMethod(Invoker.java:714)
	at org.testng.internal.Invoker.invokeTestMethod(Invoker.java:901)
	at org.testng.internal.Invoker.invokeTestMethods(Invoker.java:1231)
	at org.testng.internal.TestMethodWorker.invokeTestMethods(TestMethodWorker.java:127)
	at org.testng.internal.TestMethodWorker.run(TestMethodWorker.java:111)
	at org.testng.TestRunner.privateRun(TestRunner.java:767)
	at org.testng.TestRunner.run(TestRunner.java:617)
	at org.testng.SuiteRunner.runTest(SuiteRunner.java:348)
	at org.testng.SuiteRunner.runSequentially(SuiteRunner.java:343)
	at org.testng.SuiteRunner.privateRun(SuiteRunner.java:305)
	at org.testng.SuiteRunner.run(SuiteRunner.java:254)
	at org.testng.SuiteRunnerWorker.runSuite(SuiteRunnerWorker.java:52)
	at org.testng.SuiteRunnerWorker.run(SuiteRunnerWorker.java:86)
	at org.testng.TestNG.runSuitesSequentially(TestNG.java:1224)
	at org.testng.TestNG.runSuitesLocally(TestNG.java:1149)
	at org.testng.TestNG.run(TestNG.java:1057)
	at org.apache.maven.surefire.testng.TestNGExecutor.run(TestNGExecutor.java:77)
	at org.apache.maven.surefire.testng.TestNGDirectoryTestSuite.executeMulti(TestNGDirectoryTestSuite.java:159)
	at org.apache.maven.surefire.testng.TestNGDirectoryTestSuite.execute(TestNGDirectoryTestSuite.java:99)
	at org.apache.maven.surefire.testng.TestNGProvider.invoke(TestNGProvider.java:106)
	at sun.reflect.NativeMethodAccessorImpl.invoke0(Native Method)
	at sun.reflect.NativeMethodAccessorImpl.invoke(NativeMethodAccessorImpl.java:62)
	at sun.reflect.DelegatingMethodAccessorImpl.invoke(DelegatingMethodAccessorImpl.java:43)
	at java.lang.reflect.Method.invoke(Method.java:498)
	at org.apache.maven.surefire.util.ReflectionUtils.invokeMethodWithArray(ReflectionUtils.java:189)
	at org.apache.maven.surefire.booter.ProviderFactory$ProviderProxy.invoke(ProviderFactory.java:165)
	at org.apache.maven.surefire.booter.ProviderFactory.invokeProvider(ProviderFactory.java:85)
	at org.apache.maven.surefire.booter.ForkedBooter.runSuitesInProcess(ForkedBooter.java:115)
	at org.apache.maven.surefire.booter.ForkedBooter.main(ForkedBooter.java:75)
]]>
            </full-stacktrace>
          </exception> <!-- java.lang.IllegalArgumentException -->
          <reporter-output>
          </reporter-output>
        </test-method> <!-- testReadUnavailablePiece -->
        <test-method status="PASS" signature="tearDown()[pri:0, instance:com.turn.ttorrent.client.storage.PieceStorageImplTest@5d5eef3d]" name="tearDown" is-config="true" duration-ms="2" started-at="2025-06-12T00:53:41Z" finished-at="2025-06-12T00:53:41Z">
          <reporter-output>
          </reporter-output>
        </test-method> <!-- tearDown -->
        <test-method status="PASS" signature="setUp()[pri:0, instance:com.turn.ttorrent.client.storage.PieceStorageImplTest@5d5eef3d]" name="setUp" is-config="true" duration-ms="0" started-at="2025-06-12T00:53:41Z" finished-at="2025-06-12T00:53:41Z">
          <reporter-output>
          </reporter-output>
        </test-method> <!-- setUp -->
        <test-method status="PASS" signature="tearDown()[pri:0, instance:com.turn.ttorrent.client.storage.PieceStorageImplTest@5d5eef3d]" name="tearDown" is-config="true" duration-ms="0" started-at="2025-06-12T00:53:41Z" finished-at="2025-06-12T00:53:41Z">
          <reporter-output>
          </reporter-output>
        </test-method> <!-- tearDown -->
        <test-method status="PASS" signature="testStorage()[pri:0, instance:com.turn.ttorrent.client.storage.PieceStorageImplTest@5d5eef3d]" name="testStorage" duration-ms="0" started-at="2025-06-12T00:53:41Z" finished-at="2025-06-12T00:53:41Z">
          <reporter-output>
          </reporter-output>
        </test-method> <!-- testStorage -->
      </class> <!-- com.turn.ttorrent.client.storage.PieceStorageImplTest -->
    </test> <!-- Command line test -->
  </suite> <!-- Command line suite -->
</testng-results>
