<?xml version="1.0" encoding="UTF-8"?>
<!-- Generated by org.testng.reporters.JUnitXMLReporter -->
<testsuite hostname="LAPTOP-2UIO7L6A" name="Command line test" tests="14" failures="0" timestamp="11 Jun 2025 16:53:41 GMT" time="12.506" errors="0">
  <testcase name="testInvocation" time="0.046" classname="com.turn.ttorrent.client.EventDispatcherTest"/>
  <testcase name="testWithoutListeners" time="0.0" classname="com.turn.ttorrent.client.EventDispatcherTest"/>
  <testcase name="testCreatingStorageForLargeFile" time="11.451" classname="com.turn.ttorrent.client.storage.FairPieceStorageFactoryTest"/>
  <testcase name="testSelect" time="0.029" classname="com.turn.ttorrent.client.storage.FileCollectionStorageTest"/>
  <testcase name="testReceiveHandshake" time="0.179" classname="com.turn.ttorrent.client.network.HandshakeReceiverTest"/>
  <testcase name="getAndRemoveSharingPeersTest" time="0.102" classname="com.turn.ttorrent.client.PeersStorageTest"/>
  <testcase name="getSetSelfTest" time="0.0" classname="com.turn.ttorrent.client.PeersStorageTest"/>
  <testcase name="testThatPeersStorageReturnNewCollection" time="0.0" classname="com.turn.ttorrent.client.PeersStorageTest"/>
  <testcase name="testFullStorage" time="0.0" classname="com.turn.ttorrent.client.storage.PieceStorageImplTest"/>
  <testcase name="testReadUnavailablePiece" time="0.0" classname="com.turn.ttorrent.client.storage.PieceStorageImplTest"/>
  <testcase name="testStorage" time="0.0" classname="com.turn.ttorrent.client.storage.PieceStorageImplTest"/>
  <testcase name="choosePieceNoInterestingTest" time="0.001" classname="com.turn.ttorrent.client.strategy.RequestStrategyImplAnyInterestingTest"/>
  <testcase name="choosePieceOneInterestingTest" time="0.0" classname="com.turn.ttorrent.client.strategy.RequestStrategyImplAnyInterestingTest"/>
  <testcase name="choosePieceTest" time="0.0" classname="com.turn.ttorrent.client.strategy.RequestStrategyImplAnyInterestingTest"/>
</testsuite> <!-- Command line test -->
